Library/Bee/Android/Prj/IL2CPP/Gradle/launcher/build/intermediates/manifest_merge_blame_file/release/manifest-merger-blame-release-report.txt
1<?xml version="1.0" encoding="utf-8"?>
2<manifest xmlns:android="http://schemas.android.com/apk/res/android"
3    package="com.DefaultCompany.Assignment1"
4    android:installLocation="preferExternal"
5    android:versionCode="1"
6    android:versionName="0.1" >
7
8    <uses-sdk
9        android:minSdkVersion="26"
9-->src\main\AndroidManifest.xml
10        android:targetSdkVersion="34" />
10-->src\main\AndroidManifest.xml
11
12    <supports-screens
12-->src\main\AndroidManifest.xml:4:3-163
13        android:anyDensity="true"
13-->src\main\AndroidManifest.xml:4:135-160
14        android:largeScreens="true"
14-->src\main\AndroidManifest.xml:4:78-105
15        android:normalScreens="true"
15-->src\main\AndroidManifest.xml:4:49-77
16        android:smallScreens="true"
16-->src\main\AndroidManifest.xml:4:21-48
17        android:xlargeScreens="true" />
17-->src\main\AndroidManifest.xml:4:106-134
18
19    <uses-permission android:name="android.permission.INTERNET" />
19-->[:unityLibrary] AndroidManifest.xml:8:5-67
19-->[:unityLibrary] AndroidManifest.xml:8:22-64
20
21    <uses-feature
21-->[:unityLibrary] AndroidManifest.xml:10:5-54
22        android:glEsVersion="0x00030000"
22-->[:unityLibrary] AndroidManifest.xml:10:19-51
23        android:required="true" />
23-->[:GfxPluginCardboard:] AndroidManifest.xml:13:9-32
24    <uses-feature
24-->[:unityLibrary] AndroidManifest.xml:11:5-13:36
25        android:name="android.hardware.vulkan.version"
25-->[:unityLibrary] AndroidManifest.xml:12:9-55
26        android:required="false" />
26-->[:unityLibrary] AndroidManifest.xml:13:9-33
27    <uses-feature
27-->[:unityLibrary] AndroidManifest.xml:14:5-16:36
28        android:name="android.hardware.touchscreen"
28-->[:unityLibrary] AndroidManifest.xml:15:9-52
29        android:required="false" />
29-->[:unityLibrary] AndroidManifest.xml:16:9-33
30    <uses-feature
30-->[:unityLibrary] AndroidManifest.xml:17:5-19:36
31        android:name="android.hardware.touchscreen.multitouch"
31-->[:unityLibrary] AndroidManifest.xml:18:9-63
32        android:required="false" />
32-->[:unityLibrary] AndroidManifest.xml:19:9-33
33    <uses-feature
33-->[:unityLibrary] AndroidManifest.xml:20:5-22:36
34        android:name="android.hardware.touchscreen.multitouch.distinct"
34-->[:unityLibrary] AndroidManifest.xml:21:9-72
35        android:required="false" />
35-->[:unityLibrary] AndroidManifest.xml:22:9-33
36
37    <uses-permission android:name="android.permission.CAMERA" />
37-->[:GfxPluginCardboard:] AndroidManifest.xml:15:5-65
37-->[:GfxPluginCardboard:] AndroidManifest.xml:15:22-62
38    <uses-permission android:name="android.permission.WRITE_EXTERNAL_STORAGE" />
38-->[:GfxPluginCardboard:] AndroidManifest.xml:16:5-81
38-->[:GfxPluginCardboard:] AndroidManifest.xml:16:22-78
39    <uses-permission android:name="android.permission.NFC" />
39-->[:GfxPluginCardboard:] AndroidManifest.xml:18:5-62
39-->[:GfxPluginCardboard:] AndroidManifest.xml:18:22-59
40    <uses-permission android:name="android.permission.READ_EXTERNAL_STORAGE" />
41    <uses-permission android:name="android.permission.READ_PHONE_STATE" />
42
43    <permission
43-->[androidx.core:core:1.9.0] AndroidManifest.xml:22:5-24:47
44        android:name="com.DefaultCompany.Assignment1.DYNAMIC_RECEIVER_NOT_EXPORTED_PERMISSION"
44-->[androidx.core:core:1.9.0] AndroidManifest.xml:23:9-81
45        android:protectionLevel="signature" />
45-->[androidx.core:core:1.9.0] AndroidManifest.xml:24:9-44
46
47    <uses-permission android:name="com.DefaultCompany.Assignment1.DYNAMIC_RECEIVER_NOT_EXPORTED_PERMISSION" />
47-->[androidx.core:core:1.9.0] AndroidManifest.xml:26:5-97
47-->[androidx.core:core:1.9.0] AndroidManifest.xml:26:22-94
48
49    <application
49-->src\main\AndroidManifest.xml:3:3-83
50        android:appComponentFactory="androidx.core.app.CoreComponentFactory"
50-->[androidx.core:core:1.9.0] AndroidManifest.xml:28:18-86
51        android:extractNativeLibs="true"
51-->[:unityLibrary] AndroidManifest.xml:24:18-50
52        android:icon="@mipmap/app_icon"
52-->src\main\AndroidManifest.xml:3:49-80
53        android:label="@string/app_name" >
53-->src\main\AndroidManifest.xml:3:16-48
54        <meta-data
54-->[:unityLibrary] AndroidManifest.xml:25:9-27:33
55            android:name="unity.splash-mode"
55-->[:unityLibrary] AndroidManifest.xml:26:13-45
56            android:value="0" />
56-->[:unityLibrary] AndroidManifest.xml:27:13-30
57        <meta-data
57-->[:unityLibrary] AndroidManifest.xml:28:9-30:36
58            android:name="unity.splash-enable"
58-->[:unityLibrary] AndroidManifest.xml:29:13-47
59            android:value="True" />
59-->[:unityLibrary] AndroidManifest.xml:30:13-33
60        <meta-data
60-->[:unityLibrary] AndroidManifest.xml:31:9-33:36
61            android:name="unity.launch-fullscreen"
61-->[:unityLibrary] AndroidManifest.xml:32:13-51
62            android:value="True" />
62-->[:unityLibrary] AndroidManifest.xml:33:13-33
63        <meta-data
63-->[:unityLibrary] AndroidManifest.xml:34:9-36:36
64            android:name="unity.render-outside-safearea"
64-->[:unityLibrary] AndroidManifest.xml:35:13-57
65            android:value="True" />
65-->[:unityLibrary] AndroidManifest.xml:36:13-33
66        <meta-data
66-->[:unityLibrary] AndroidManifest.xml:37:9-39:50
67            android:name="notch.config"
67-->[:unityLibrary] AndroidManifest.xml:38:13-40
68            android:value="portrait|landscape" />
68-->[:unityLibrary] AndroidManifest.xml:39:13-47
69        <meta-data
69-->[:unityLibrary] AndroidManifest.xml:40:9-42:36
70            android:name="unity.auto-report-fully-drawn"
70-->[:unityLibrary] AndroidManifest.xml:41:13-57
71            android:value="true" />
71-->[:unityLibrary] AndroidManifest.xml:42:13-33
72
73        <activity
73-->[:unityLibrary] AndroidManifest.xml:44:9-65:20
74            android:name="com.unity3d.player.UnityPlayerActivity"
74-->[:unityLibrary] AndroidManifest.xml:45:13-66
75            android:configChanges="mcc|mnc|locale|touchscreen|keyboard|keyboardHidden|navigation|orientation|screenLayout|uiMode|screenSize|smallestScreenSize|fontScale|layoutDirection|density"
75-->[:unityLibrary] AndroidManifest.xml:46:13-194
76            android:exported="true"
76-->[:unityLibrary] AndroidManifest.xml:47:13-36
77            android:hardwareAccelerated="false"
77-->[:unityLibrary] AndroidManifest.xml:48:13-48
78            android:launchMode="singleTask"
78-->[:unityLibrary] AndroidManifest.xml:49:13-44
79            android:resizeableActivity="false"
79-->[:unityLibrary] AndroidManifest.xml:50:13-47
80            android:screenOrientation="reverseLandscape"
80-->[:unityLibrary] AndroidManifest.xml:51:13-57
81            android:theme="@style/UnityThemeSelector" >
81-->[:unityLibrary] AndroidManifest.xml:52:13-54
82            <intent-filter>
82-->[:unityLibrary] AndroidManifest.xml:53:13-57:29
83                <category android:name="android.intent.category.LAUNCHER" />
83-->[:unityLibrary] AndroidManifest.xml:54:17-77
83-->[:unityLibrary] AndroidManifest.xml:54:27-74
84
85                <action android:name="android.intent.action.MAIN" />
85-->[:unityLibrary] AndroidManifest.xml:56:17-69
85-->[:unityLibrary] AndroidManifest.xml:56:25-66
86            </intent-filter>
87
88            <meta-data
88-->[:unityLibrary] AndroidManifest.xml:59:13-61:40
89                android:name="unityplayer.UnityActivity"
89-->[:unityLibrary] AndroidManifest.xml:60:17-57
90                android:value="true" />
90-->[:unityLibrary] AndroidManifest.xml:61:17-37
91            <meta-data
91-->[:unityLibrary] AndroidManifest.xml:62:13-64:40
92                android:name="notch_support"
92-->[:unityLibrary] AndroidManifest.xml:63:17-45
93                android:value="true" />
93-->[:unityLibrary] AndroidManifest.xml:64:17-37
94        </activity>
95        <activity
95-->[:GfxPluginCardboard:] AndroidManifest.xml:21:9-25:66
96            android:name="com.google.cardboard.sdk.QrCodeCaptureActivity"
96-->[:GfxPluginCardboard:] AndroidManifest.xml:22:13-74
97            android:exported="false"
97-->[:GfxPluginCardboard:] AndroidManifest.xml:23:13-37
98            android:label="@string/title_activity_qr_code_capture"
98-->[:GfxPluginCardboard:] AndroidManifest.xml:24:13-67
99            android:theme="@style/Theme.AppCompat.NoActionBar" />
99-->[:GfxPluginCardboard:] AndroidManifest.xml:25:13-63
100        <!--
101          Activity whose sole purpose is to update Cardboard device params when a Cardboard V1
102          NFC tag is detected.
103        -->
104        <activity
104-->[:GfxPluginCardboard:] AndroidManifest.xml:31:9-44:20
105            android:name="com.google.cardboard.sdk.HeadsetDetectionActivity"
105-->[:GfxPluginCardboard:] AndroidManifest.xml:32:13-77
106            android:exported="true"
106-->[:GfxPluginCardboard:] AndroidManifest.xml:33:13-36
107            android:label="@string/headset_detection_activity_title" >
107-->[:GfxPluginCardboard:] AndroidManifest.xml:34:13-69
108
109            <!-- Handles the Cardboard V1 NFC tag released at Google I/O 2014. -->
110            <intent-filter>
110-->[:GfxPluginCardboard:] AndroidManifest.xml:37:13-43:29
111                <action android:name="android.nfc.action.NDEF_DISCOVERED" />
111-->[:GfxPluginCardboard:] AndroidManifest.xml:38:17-77
111-->[:GfxPluginCardboard:] AndroidManifest.xml:38:25-74
112
113                <category android:name="android.intent.category.DEFAULT" />
113-->[:GfxPluginCardboard:] AndroidManifest.xml:40:17-76
113-->[:GfxPluginCardboard:] AndroidManifest.xml:40:27-73
114
115                <data android:scheme="cardboard" />
115-->[:GfxPluginCardboard:] AndroidManifest.xml:42:17-52
115-->[:GfxPluginCardboard:] AndroidManifest.xml:42:23-49
116            </intent-filter>
117        </activity>
118        <activity
118-->[com.google.android.gms:play-services-base:17.4.0] AndroidManifest.xml:23:9-26:75
119            android:name="com.google.android.gms.common.api.GoogleApiActivity"
119-->[com.google.android.gms:play-services-base:17.4.0] AndroidManifest.xml:24:13-79
120            android:exported="false"
120-->[com.google.android.gms:play-services-base:17.4.0] AndroidManifest.xml:25:13-37
121            android:theme="@android:style/Theme.Translucent.NoTitleBar" />
121-->[com.google.android.gms:play-services-base:17.4.0] AndroidManifest.xml:26:13-72
122
123        <meta-data
123-->[com.google.android.gms:play-services-basement:17.4.0] AndroidManifest.xml:23:9-25:69
124            android:name="com.google.android.gms.version"
124-->[com.google.android.gms:play-services-basement:17.4.0] AndroidManifest.xml:24:13-58
125            android:value="@integer/google_play_services_version" />
125-->[com.google.android.gms:play-services-basement:17.4.0] AndroidManifest.xml:25:13-66
126
127        <provider
127-->[androidx.emoji2:emoji2:1.2.0] AndroidManifest.xml:24:9-32:20
128            android:name="androidx.startup.InitializationProvider"
128-->[androidx.emoji2:emoji2:1.2.0] AndroidManifest.xml:25:13-67
129            android:authorities="com.DefaultCompany.Assignment1.androidx-startup"
129-->[androidx.emoji2:emoji2:1.2.0] AndroidManifest.xml:26:13-68
130            android:exported="false" >
130-->[androidx.emoji2:emoji2:1.2.0] AndroidManifest.xml:27:13-37
131            <meta-data
131-->[androidx.emoji2:emoji2:1.2.0] AndroidManifest.xml:29:13-31:52
132                android:name="androidx.emoji2.text.EmojiCompatInitializer"
132-->[androidx.emoji2:emoji2:1.2.0] AndroidManifest.xml:30:17-75
133                android:value="androidx.startup" />
133-->[androidx.emoji2:emoji2:1.2.0] AndroidManifest.xml:31:17-49
134            <meta-data
134-->[androidx.lifecycle:lifecycle-process:2.4.1] AndroidManifest.xml:31:13-33:52
135                android:name="androidx.lifecycle.ProcessLifecycleInitializer"
135-->[androidx.lifecycle:lifecycle-process:2.4.1] AndroidManifest.xml:32:17-78
136                android:value="androidx.startup" />
136-->[androidx.lifecycle:lifecycle-process:2.4.1] AndroidManifest.xml:33:17-49
137        </provider>
138    </application>
139
140</manifest>